ERROR - 2025-12-26 11:55:00 --> Error connecting to the database: mysqli_sql_exception: Unknown database 'db_kasir' in C:\laragon\www\aplikasi-kasir-inf-24-upb\system\Database\MySQLi\Connection.php:202
Stack trace:
#0 C:\laragon\www\aplikasi-kasir-inf-24-upb\system\Database\MySQLi\Connection.php(202): mysqli->real_connect('localhost', 'root', '', 'db_kasir', 3306, '', 0)
#1 C:\laragon\www\aplikasi-kasir-inf-24-upb\system\Database\BaseConnection.php(419): CodeIgniter\Database\MySQLi\Connection->connect(false)
#2 C:\laragon\www\aplikasi-kasir-inf-24-upb\system\Database\BaseConnection.php(614): CodeIgniter\Database\BaseConnection->initialize()
#3 C:\laragon\www\aplikasi-kasir-inf-24-upb\system\Database\BaseBuilder.php(1649): CodeIgniter\Database\BaseConnection->query('SELECT *\nFROM `...', Array, false)
#4 C:\laragon\www\aplikasi-kasir-inf-24-upb\app\Models\ModelKategori.php(12): CodeIgniter\Database\BaseBuilder->get()
#5 C:\laragon\www\aplikasi-kasir-inf-24-upb\app\Controllers\Kategori.php(24): App\Models\ModelKategori->AllData()
#6 C:\laragon\www\aplikasi-kasir-inf-24-upb\system\CodeIgniter.php(933): App\Controllers\Kategori->index()
#7 C:\laragon\www\aplikasi-kasir-inf-24-upb\system\CodeIgniter.php(507): CodeIgniter\CodeIgniter->runController(Object(App\Controllers\Kategori))
#8 C:\laragon\www\aplikasi-kasir-inf-24-upb\system\CodeIgniter.php(354): CodeIgniter\CodeIgniter->handleRequest(NULL, Object(Config\Cache), false)
#9 C:\laragon\www\aplikasi-kasir-inf-24-upb\system\Boot.php(363): CodeIgniter\CodeIgniter->run()
#10 C:\laragon\www\aplikasi-kasir-inf-24-upb\system\Boot.php(68): CodeIgniter\Boot::runCodeIgniter(Object(CodeIgniter\CodeIgniter))
#11 C:\laragon\www\aplikasi-kasir-inf-24-upb\public\index.php(59): CodeIgniter\Boot::bootWeb(Object(Config\Paths))
#12 {main}

Next CodeIgniter\Database\Exceptions\DatabaseException: Unknown database 'db_kasir' in C:\laragon\www\aplikasi-kasir-inf-24-upb\system\Database\MySQLi\Connection.php:246
Stack trace:
#0 C:\laragon\www\aplikasi-kasir-inf-24-upb\system\Database\BaseConnection.php(419): CodeIgniter\Database\MySQLi\Connection->connect(false)
#1 C:\laragon\www\aplikasi-kasir-inf-24-upb\system\Database\BaseConnection.php(614): CodeIgniter\Database\BaseConnection->initialize()
#2 C:\laragon\www\aplikasi-kasir-inf-24-upb\system\Database\BaseBuilder.php(1649): CodeIgniter\Database\BaseConnection->query('SELECT *\nFROM `...', Array, false)
#3 C:\laragon\www\aplikasi-kasir-inf-24-upb\app\Models\ModelKategori.php(12): CodeIgniter\Database\BaseBuilder->get()
#4 C:\laragon\www\aplikasi-kasir-inf-24-upb\app\Controllers\Kategori.php(24): App\Models\ModelKategori->AllData()
#5 C:\laragon\www\aplikasi-kasir-inf-24-upb\system\CodeIgniter.php(933): App\Controllers\Kategori->index()
#6 C:\laragon\www\aplikasi-kasir-inf-24-upb\system\CodeIgniter.php(507): CodeIgniter\CodeIgniter->runController(Object(App\Controllers\Kategori))
#7 C:\laragon\www\aplikasi-kasir-inf-24-upb\system\CodeIgniter.php(354): CodeIgniter\CodeIgniter->handleRequest(NULL, Object(Config\Cache), false)
#8 C:\laragon\www\aplikasi-kasir-inf-24-upb\system\Boot.php(363): CodeIgniter\CodeIgniter->run()
#9 C:\laragon\www\aplikasi-kasir-inf-24-upb\system\Boot.php(68): CodeIgniter\Boot::runCodeIgniter(Object(CodeIgniter\CodeIgniter))
#10 C:\laragon\www\aplikasi-kasir-inf-24-upb\public\index.php(59): CodeIgniter\Boot::bootWeb(Object(Config\Paths))
#11 {main}
CRITICAL - 2025-12-26 11:55:00 --> CodeIgniter\Database\Exceptions\DatabaseException: Unable to connect to the database.
Main connection [MySQLi]: Unknown database 'db_kasir'
[Method: GET, Route: kategori]
in SYSTEMPATH\Database\BaseConnection.php on line 465.
 1 SYSTEMPATH\Database\BaseConnection.php(614): CodeIgniter\Database\BaseConnection->initialize()
 2 SYSTEMPATH\Database\BaseBuilder.php(1649): CodeIgniter\Database\BaseConnection->query('SELECT *
FROM `tbl_kategori`', [], false)
 3 APPPATH\Models\ModelKategori.php(12): CodeIgniter\Database\BaseBuilder->get()
 4 APPPATH\Controllers\Kategori.php(24): App\Models\ModelKategori->AllData()
 5 SYSTEMPATH\CodeIgniter.php(933): App\Controllers\Kategori->index()
 6 SYSTEMPATH\CodeIgniter.php(507): CodeIgniter\CodeIgniter->runController(Object(App\Controllers\Kategori))
 7 SYSTEMPATH\CodeIgniter.php(354): CodeIgniter\CodeIgniter->handleRequest(null, Object(Config\Cache), false)
 8 SYSTEMPATH\Boot.php(363): CodeIgniter\CodeIgniter->run()
 9 SYSTEMPATH\Boot.php(68): CodeIgniter\Boot::runCodeIgniter(Object(CodeIgniter\CodeIgniter))
10 FCPATH\index.php(59): CodeIgniter\Boot::bootWeb(Object(Config\Paths))
